2025-08-27 11:23:00,751 - INFO - Data loaded successfully from ein_data.json
2025-08-27 11:25:42,504 - INFO - Data loaded successfully from ein_data.json
2025-08-27 11:25:42,506 - ERROR - Test failed: EOF when reading a line
2025-08-27 11:25:56,508 - INFO - Browser setup complete
2025-08-27 11:25:56,508 - INFO - Checking availability of https://sa.www4.irs.gov/applyein/
2025-08-27 11:25:57,450 - INFO - Site accessible at https://sa.www4.irs.gov/applyein/
2025-08-27 11:25:57,450 - INFO - Navigating to EIN application
2025-08-27 11:26:10,150 - WARNING - Could not find begin button, trying direct individual application URL
2025-08-27 11:26:10,158 - ERROR - Failed to navigate to application: Page.goto: Target page, context or browser has been closed
2025-08-27 11:26:10,158 - ERROR - Failed to navigate to application
2025-08-27 11:26:10,159 - INFO - Browser left open for manual review
2025-08-27 11:29:32,351 - INFO - Data loaded successfully from ein_data.json
2025-08-27 11:36:00,918 - INFO - Data loaded successfully
2025-08-27 11:36:04,429 - INFO - Browser setup complete
2025-08-27 11:36:04,429 - INFO - Navigating to EIN application...
2025-08-27 11:36:24,346 - INFO - Clicking begin button: a:has-text("Begin")
2025-08-27 11:36:28,805 - INFO - Processing page 1
2025-08-27 11:36:30,892 - INFO - Screenshot saved: page_1756319790.png
2025-08-27 11:36:30,898 - INFO - Current page: IRS Apply for an Employer Identification Number (EIN) online
2025-08-27 11:36:31,795 - WARNING - No fillable fields found on this page
2025-08-27 11:36:31,840 - WARNING - No next button found
2025-08-27 11:36:31,840 - INFO - No next button found - may have reached end of form
2025-08-27 11:41:27,000 - INFO - User cancelled the application
2025-08-27 20:49:13,017 - INFO - Data loaded successfully from ein_data.json
2025-08-27 20:51:20,069 - INFO - Data loaded successfully from ein_data.json
2025-08-27 20:54:41,736 - INFO - Browser setup complete
2025-08-27 20:54:41,737 - INFO - Checking availability of https://sa.www4.irs.gov/applyein/
2025-08-27 20:54:42,553 - WARNING - Site maintenance (503) at https://sa.www4.irs.gov/applyein/
2025-08-27 20:54:42,553 - INFO - Checking availability of https://sa.www4.irs.gov/modiein/individual/index.jsp
2025-08-27 20:54:43,079 - WARNING - Site maintenance (503) at https://sa.www4.irs.gov/modiein/individual/index.jsp
2025-08-27 20:54:43,079 - ERROR - All URLs failed - site appears to be down
2025-08-27 20:54:48,106 - INFO - Browser left open for manual review
2025-08-28 12:02:36,512 - INFO - User cancelled the application
