Arguments: 
  C:\Program Files\nodejs\node.exe C:\Users\jessi\AppData\Roaming\npm\node_modules\yarn\bin\yarn.js install -g mocha

PATH: 
  C:\Python35\Scripts\;C:\Python35\;C:\ProgramData\Oracle\Java\javapath;C:\WINDOWS\system32;C:\WINDOWS;C:\WINDOWS\System32\Wbem;C:\WINDOWS\System32\WindowsPowerShell\v1.0\;C:\Program Files (x86)\Windows Live\Shared;C:\Program Files (x86)\Skype\Phone\;C:\Program Files\nodejs\;C:\Program Files\Git\cmd;C:\Users\jessi\AppData\Local\atom\bin;C:\Users\jessi\AppData\Local\Google\Cloud SDK\google-cloud-sdk\bin;C:\Users\jessi\AppData\Local\Microsoft\WindowsApps;C:\Users\jessi\AppData\Roaming\npm;

Yarn version: 
  1.5.1

Node version: 
  6.11.2

Platform: 
  win32 x64

npm manifest: 
  No manifest

yarn manifest: 
  No manifest

Lockfile: 
  No lockfile

Trace: 
  Error: `--global` has been deprecated. Please run "yarn global add mocha" instead.
      at MessageError.Error (native)
      at new MessageError (C:\Users\jessi\AppData\Roaming\npm\node_modules\yarn\lib\cli.js:186:110)
      at Object.<anonymous> (C:\Users\jessi\AppData\Roaming\npm\node_modules\yarn\lib\cli.js:21987:13)
      at next (native)
      at step (C:\Users\jessi\AppData\Roaming\npm\node_modules\yarn\lib\cli.js:98:30)
      at C:\Users\jessi\AppData\Roaming\npm\node_modules\yarn\lib\cli.js:109:13
